<?xml version="1.0" encoding="UTF-8"?>
<coverage generated="1676584696964" clover="3.2.0">
  <project timestamp="1676584696965" name="All files">
    <metrics statements="45" coveredstatements="44" conditionals="11" coveredconditionals="10" methods="3" coveredmethods="3" elements="59" coveredelements="57" complexity="0" loc="45" ncloc="45" packages="1" files="2" classes="2"/>
    <file name="constants.js" path="C:\src\projects\LuhnAlgorithm-Js-WithJest\constants.js">
      <metrics statements="5" coveredstatements="5" conditionals="0" coveredconditionals="0" methods="0" coveredmethods="0"/>
      <line num="1" count="1" type="stmt"/>
      <line num="2" count="1" type="stmt"/>
      <line num="3" count="1" type="stmt"/>
      <line num="4" count="1" type="stmt"/>
      <line num="6" count="1" type="stmt"/>
    </file>
    <file name="index.js" path="C:\src\projects\LuhnAlgorithm-Js-WithJest\index.js">
      <metrics statements="40" coveredstatements="39" conditionals="11" coveredconditionals="10" methods="3" coveredmethods="3"/>
      <line num="3" count="1" type="stmt"/>
      <line num="5" count="1" type="stmt"/>
      <line num="6" count="13" type="stmt"/>
      <line num="7" count="13" type="stmt"/>
      <line num="8" count="13" type="stmt"/>
      <line num="9" count="13" type="stmt"/>
      <line num="10" count="178" type="stmt"/>
      <line num="11" count="178" type="cond" truecount="2" falsecount="0"/>
      <line num="12" count="84" type="stmt"/>
      <line num="13" count="84" type="stmt"/>
      <line num="15" count="94" type="stmt"/>
      <line num="16" count="94" type="cond" truecount="2" falsecount="0"/>
      <line num="17" count="51" type="stmt"/>
      <line num="19" count="94" type="stmt"/>
      <line num="20" count="94" type="stmt"/>
      <line num="22" count="13" type="stmt"/>
      <line num="25" count="1" type="stmt"/>
      <line num="26" count="10" type="stmt"/>
      <line num="28" count="10" type="stmt"/>
      <line num="29" count="10" type="stmt"/>
      <line num="31" count="10" type="stmt"/>
      <line num="32" count="10" type="stmt"/>
      <line num="33" count="148" type="stmt"/>
      <line num="35" count="10" type="stmt"/>
      <line num="37" count="10" type="cond" truecount="2" falsecount="0"/>
      <line num="40" count="1" type="stmt"/>
      <line num="41" count="1" type="stmt"/>
      <line num="43" count="1" type="stmt"/>
      <line num="44" count="5" type="cond" truecount="4" falsecount="1"/>
      <line num="46" count="1" type="stmt"/>
      <line num="47" count="1" type="stmt"/>
      <line num="49" count="1" type="stmt"/>
      <line num="50" count="1" type="stmt"/>
      <line num="52" count="2" type="stmt"/>
      <line num="53" count="2" type="stmt"/>
      <line num="55" count="1" type="stmt"/>
      <line num="56" count="1" type="stmt"/>
      <line num="58" count="0" type="stmt"/>
      <line num="61" count="1" type="stmt"/>
      <line num="66" count="1" type="stmt"/>
    </file>
  </project>
</coverage>
