<?xml version="1.0" encoding="UTF-8"?>
<coverage generated="1676563469794" clover="3.2.0">
  <project timestamp="1676563469794" name="All files">
    <metrics statements="25" coveredstatements="25" conditionals="6" coveredconditionals="6" methods="2" coveredmethods="2" elements="33" coveredelements="33" complexity="0" loc="25" ncloc="25" packages="1" files="1" classes="1"/>
    <file name="index.js" path="C:\src\projects\LuhnAlgorithm-Js-WithJest\index.js">
      <metrics statements="25" coveredstatements="25" conditionals="6" coveredconditionals="6" methods="2" coveredmethods="2"/>
      <line num="3" count="1" type="stmt"/>
      <line num="4" count="13" type="stmt"/>
      <line num="5" count="13" type="stmt"/>
      <line num="6" count="13" type="stmt"/>
      <line num="7" count="13" type="stmt"/>
      <line num="8" count="178" type="stmt"/>
      <line num="9" count="178" type="cond" truecount="2" falsecount="0"/>
      <line num="10" count="84" type="stmt"/>
      <line num="11" count="84" type="stmt"/>
      <line num="13" count="94" type="stmt"/>
      <line num="14" count="94" type="cond" truecount="2" falsecount="0"/>
      <line num="15" count="51" type="stmt"/>
      <line num="17" count="94" type="stmt"/>
      <line num="18" count="94" type="stmt"/>
      <line num="20" count="13" type="stmt"/>
      <line num="23" count="1" type="stmt"/>
      <line num="24" count="10" type="stmt"/>
      <line num="26" count="10" type="stmt"/>
      <line num="27" count="10" type="stmt"/>
      <line num="29" count="10" type="stmt"/>
      <line num="30" count="10" type="stmt"/>
      <line num="31" count="148" type="stmt"/>
      <line num="33" count="10" type="stmt"/>
      <line num="35" count="10" type="cond" truecount="2" falsecount="0"/>
      <line num="39" count="1" type="stmt"/>
    </file>
  </project>
</coverage>
