{"C:\\src\\projects\\LuhnAlgorithm-Js-WithJest\\constants.js": {"path":"C:\\src\\projects\\LuhnAlgorithm-Js-WithJest\\constants.js","statementMap":{"0":{"start":{"line":1,"column":24},"end":{"line":1,"column":49}},"1":{"start":{"line":2,"column":13},"end":{"line":2,"column":19}},"2":{"start":{"line":3,"column":19},"end":{"line":3,"column":32}},"3":{"start":{"line":4,"column":17},"end":{"line":4,"column":27}},"4":{"start":{"line":6,"column":0},"end":{"line":11,"column":1}}},"fnMap":{},"branchMap":{},"s":{"0":1,"1":1,"2":1,"3":1,"4":1},"f":{},"b":{},"_coverageSchema":"1a1c01bbd47fc00a2c39e90264f33305004495a9","hash":"e51ef3dc4947ccb175232f130ab6bcbaefe4fd08"}
,"C:\\src\\projects\\LuhnAlgorithm-Js-WithJest\\index.js": {"path":"C:\\src\\projects\\LuhnAlgorithm-Js-WithJest\\index.js","statementMap":{"0":{"start":{"line":3,"column":18},"end":{"line":3,"column":40}},"1":{"start":{"line":5,"column":58},"end":{"line":23,"column":1}},"2":{"start":{"line":6,"column":4},"end":{"line":6,"column":31}},"3":{"start":{"line":7,"column":27},"end":{"line":7,"column":38}},"4":{"start":{"line":8,"column":16},"end":{"line":8,"column":40}},"5":{"start":{"line":9,"column":4},"end":{"line":21,"column":5}},"6":{"start":{"line":9,"column":16},"end":{"line":9,"column":21}},"7":{"start":{"line":10,"column":18},"end":{"line":10,"column":34}},"8":{"start":{"line":11,"column":8},"end":{"line":14,"column":9}},"9":{"start":{"line":12,"column":12},"end":{"line":12,"column":42}},"10":{"start":{"line":13,"column":12},"end":{"line":13,"column":21}},"11":{"start":{"line":15,"column":8},"end":{"line":15,"column":17}},"12":{"start":{"line":16,"column":8},"end":{"line":18,"column":9}},"13":{"start":{"line":17,"column":12},"end":{"line":17,"column":21}},"14":{"start":{"line":19,"column":8},"end":{"line":19,"column":19}},"15":{"start":{"line":20,"column":8},"end":{"line":20,"column":38}},"16":{"start":{"line":22,"column":4},"end":{"line":22,"column":28}},"17":{"start":{"line":25,"column":21},"end":{"line":38,"column":1}},"18":{"start":{"line":26,"column":20},"end":{"line":26,"column":39}},"19":{"start":{"line":28,"column":27},"end":{"line":28,"column":91}},"20":{"start":{"line":29,"column":4},"end":{"line":29,"column":36}},"21":{"start":{"line":31,"column":14},"end":{"line":31,"column":15}},"22":{"start":{"line":32,"column":4},"end":{"line":34,"column":5}},"23":{"start":{"line":33,"column":8},"end":{"line":33,"column":22}},"24":{"start":{"line":35,"column":4},"end":{"line":35,"column":21}},"25":{"start":{"line":37,"column":4},"end":{"line":37,"column":43}},"26":{"start":{"line":40,"column":31},"end":{"line":63,"column":1}},"27":{"start":{"line":41,"column":38},"end":{"line":41,"column":49}},"28":{"start":{"line":43,"column":4},"end":{"line":60,"column":5}},"29":{"start":{"line":44,"column":8},"end":{"line":59,"column":9}},"30":{"start":{"line":46,"column":16},"end":{"line":46,"column":76}},"31":{"start":{"line":47,"column":16},"end":{"line":47,"column":22}},"32":{"start":{"line":49,"column":16},"end":{"line":49,"column":65}},"33":{"start":{"line":50,"column":16},"end":{"line":50,"column":22}},"34":{"start":{"line":52,"column":16},"end":{"line":52,"column":71}},"35":{"start":{"line":53,"column":16},"end":{"line":53,"column":22}},"36":{"start":{"line":55,"column":16},"end":{"line":55,"column":69}},"37":{"start":{"line":56,"column":16},"end":{"line":56,"column":22}},"38":{"start":{"line":58,"column":16},"end":{"line":58,"column":42}},"39":{"start":{"line":61,"column":4},"end":{"line":61,"column":39}},"40":{"start":{"line":66,"column":0},"end":{"line":70,"column":2}}},"fnMap":{"0":{"name":"(anonymous_0)","decl":{"start":{"line":5,"column":58},"end":{"line":5,"column":59}},"loc":{"start":{"line":5,"column":77},"end":{"line":23,"column":1}},"line":5},"1":{"name":"(anonymous_1)","decl":{"start":{"line":25,"column":21},"end":{"line":25,"column":22}},"loc":{"start":{"line":25,"column":40},"end":{"line":38,"column":1}},"line":25},"2":{"name":"(anonymous_2)","decl":{"start":{"line":40,"column":31},"end":{"line":40,"column":32}},"loc":{"start":{"line":40,"column":56},"end":{"line":63,"column":1}},"line":40}},"branchMap":{"0":{"loc":{"start":{"line":11,"column":8},"end":{"line":14,"column":9}},"type":"if","locations":[{"start":{"line":11,"column":8},"end":{"line":14,"column":9}},{"start":{},"end":{}}],"line":11},"1":{"loc":{"start":{"line":16,"column":8},"end":{"line":18,"column":9}},"type":"if","locations":[{"start":{"line":16,"column":8},"end":{"line":18,"column":9}},{"start":{},"end":{}}],"line":16},"2":{"loc":{"start":{"line":37,"column":12},"end":{"line":37,"column":41}},"type":"cond-expr","locations":[{"start":{"line":37,"column":29},"end":{"line":37,"column":33}},{"start":{"line":37,"column":36},"end":{"line":37,"column":41}}],"line":37},"3":{"loc":{"start":{"line":44,"column":8},"end":{"line":59,"column":9}},"type":"switch","locations":[{"start":{"line":45,"column":12},"end":{"line":47,"column":22}},{"start":{"line":48,"column":12},"end":{"line":50,"column":22}},{"start":{"line":51,"column":12},"end":{"line":53,"column":22}},{"start":{"line":54,"column":12},"end":{"line":56,"column":22}},{"start":{"line":57,"column":12},"end":{"line":58,"column":42}}],"line":44}},"s":{"0":1,"1":1,"2":13,"3":13,"4":13,"5":13,"6":13,"7":178,"8":178,"9":84,"10":84,"11":94,"12":94,"13":51,"14":94,"15":94,"16":13,"17":1,"18":10,"19":10,"20":10,"21":10,"22":10,"23":148,"24":10,"25":10,"26":1,"27":1,"28":1,"29":5,"30":1,"31":1,"32":1,"33":1,"34":2,"35":2,"36":1,"37":1,"38":0,"39":1,"40":1},"f":{"0":13,"1":10,"2":1},"b":{"0":[84,94],"1":[51,43],"2":[5,5],"3":[1,1,2,1,0]},"_coverageSchema":"1a1c01bbd47fc00a2c39e90264f33305004495a9","hash":"766b2dfcbaa19d70b4a9d6be2b8065aa8adaf9b1"}
}
