{"C:\\src\\projects\\LuhnAlgorithm-Js-WithJest\\index.js": {"path":"C:\\src\\projects\\LuhnAlgorithm-Js-WithJest\\index.js","statementMap":{"0":{"start":{"line":3,"column":58},"end":{"line":21,"column":1}},"1":{"start":{"line":4,"column":4},"end":{"line":4,"column":31}},"2":{"start":{"line":5,"column":27},"end":{"line":5,"column":38}},"3":{"start":{"line":6,"column":16},"end":{"line":6,"column":40}},"4":{"start":{"line":7,"column":4},"end":{"line":19,"column":5}},"5":{"start":{"line":7,"column":16},"end":{"line":7,"column":21}},"6":{"start":{"line":8,"column":18},"end":{"line":8,"column":34}},"7":{"start":{"line":9,"column":8},"end":{"line":12,"column":9}},"8":{"start":{"line":10,"column":12},"end":{"line":10,"column":42}},"9":{"start":{"line":11,"column":12},"end":{"line":11,"column":21}},"10":{"start":{"line":13,"column":8},"end":{"line":13,"column":17}},"11":{"start":{"line":14,"column":8},"end":{"line":16,"column":9}},"12":{"start":{"line":15,"column":12},"end":{"line":15,"column":21}},"13":{"start":{"line":17,"column":8},"end":{"line":17,"column":19}},"14":{"start":{"line":18,"column":8},"end":{"line":18,"column":38}},"15":{"start":{"line":20,"column":4},"end":{"line":20,"column":28}},"16":{"start":{"line":23,"column":21},"end":{"line":36,"column":1}},"17":{"start":{"line":24,"column":20},"end":{"line":24,"column":39}},"18":{"start":{"line":26,"column":27},"end":{"line":26,"column":91}},"19":{"start":{"line":27,"column":4},"end":{"line":27,"column":36}},"20":{"start":{"line":29,"column":14},"end":{"line":29,"column":15}},"21":{"start":{"line":30,"column":4},"end":{"line":32,"column":5}},"22":{"start":{"line":31,"column":8},"end":{"line":31,"column":22}},"23":{"start":{"line":33,"column":4},"end":{"line":33,"column":21}},"24":{"start":{"line":35,"column":4},"end":{"line":35,"column":43}},"25":{"start":{"line":39,"column":0},"end":{"line":42,"column":2}}},"fnMap":{"0":{"name":"(anonymous_0)","decl":{"start":{"line":3,"column":58},"end":{"line":3,"column":59}},"loc":{"start":{"line":3,"column":77},"end":{"line":21,"column":1}},"line":3},"1":{"name":"(anonymous_1)","decl":{"start":{"line":23,"column":21},"end":{"line":23,"column":22}},"loc":{"start":{"line":23,"column":40},"end":{"line":36,"column":1}},"line":23}},"branchMap":{"0":{"loc":{"start":{"line":9,"column":8},"end":{"line":12,"column":9}},"type":"if","locations":[{"start":{"line":9,"column":8},"end":{"line":12,"column":9}},{"start":{},"end":{}}],"line":9},"1":{"loc":{"start":{"line":14,"column":8},"end":{"line":16,"column":9}},"type":"if","locations":[{"start":{"line":14,"column":8},"end":{"line":16,"column":9}},{"start":{},"end":{}}],"line":14},"2":{"loc":{"start":{"line":35,"column":12},"end":{"line":35,"column":41}},"type":"cond-expr","locations":[{"start":{"line":35,"column":29},"end":{"line":35,"column":33}},{"start":{"line":35,"column":36},"end":{"line":35,"column":41}}],"line":35}},"s":{"0":1,"1":13,"2":13,"3":13,"4":13,"5":13,"6":178,"7":178,"8":84,"9":84,"10":94,"11":94,"12":51,"13":94,"14":94,"15":13,"16":1,"17":10,"18":10,"19":10,"20":10,"21":10,"22":148,"23":10,"24":10,"25":1},"f":{"0":13,"1":10},"b":{"0":[84,94],"1":[51,43],"2":[5,5]},"_coverageSchema":"1a1c01bbd47fc00a2c39e90264f33305004495a9","hash":"f10fc0f78a10a3ead04381e5da0c0ff90d86f01d"}
}
