TN:
SF:constants.js
FNF:0
FNH:0
DA:1,1
DA:2,1
DA:3,1
DA:4,1
DA:6,1
LF:5
LH:5
BRF:0
BRH:0
end_of_record
TN:
SF:index.js
FN:5,(anonymous_0)
FN:25,(anonymous_1)
FN:40,(anonymous_2)
FNF:3
FNH:3
FNDA:13,(anonymous_0)
FNDA:10,(anonymous_1)
FNDA:1,(anonymous_2)
DA:3,1
DA:5,1
DA:6,13
DA:7,13
DA:8,13
DA:9,13
DA:10,178
DA:11,178
DA:12,84
DA:13,84
DA:15,94
DA:16,94
DA:17,51
DA:19,94
DA:20,94
DA:22,13
DA:25,1
DA:26,10
DA:28,10
DA:29,10
DA:31,10
DA:32,10
DA:33,148
DA:35,10
DA:37,10
DA:40,1
DA:41,1
DA:43,1
DA:44,5
DA:46,1
DA:47,1
DA:49,1
DA:50,1
DA:52,2
DA:53,2
DA:55,1
DA:56,1
DA:58,0
DA:61,1
DA:66,1
LF:40
LH:39
BRDA:11,0,0,84
BRDA:11,0,1,94
BRDA:16,1,0,51
BRDA:16,1,1,43
BRDA:37,2,0,5
BRDA:37,2,1,5
BRDA:44,3,0,1
BRDA:44,3,1,1
BRDA:44,3,2,2
BRDA:44,3,3,1
BRDA:44,3,4,0
BRF:11
BRH:10
end_of_record
